#! /usr/bin/vvp
:ivl_version "10.2 (stable)";
:ivl_delay_selection "TYPICAL";
:vpi_time_precision - 11;
:vpi_module "system";
:vpi_module "vhdl_sys";
:vpi_module "v2005_math";
:vpi_module "va_math";
S_0x1978460 .scope module, "housekeeping_spi" "housekeeping_spi" 2 75;
 .timescale 0 0;
    .port_info 0 /INPUT 1 "reset"
    .port_info 1 /INPUT 1 "SCK"
    .port_info 2 /INPUT 1 "SDI"
    .port_info 3 /INPUT 1 "CSB"
    .port_info 4 /OUTPUT 1 "SDO"
    .port_info 5 /OUTPUT 1 "sdoenb"
    .port_info 6 /INPUT 8 "idata"
    .port_info 7 /OUTPUT 8 "odata"
    .port_info 8 /OUTPUT 8 "oaddr"
    .port_info 9 /OUTPUT 1 "rdstb"
    .port_info 10 /OUTPUT 1 "wrstb"
    .port_info 11 /OUTPUT 1 "pass_thru_mgmt"
    .port_info 12 /OUTPUT 1 "pass_thru_mgmt_delay"
    .port_info 13 /OUTPUT 1 "pass_thru_user"
    .port_info 14 /OUTPUT 1 "pass_thru_user_delay"
    .port_info 15 /OUTPUT 1 "pass_thru_mgmt_reset"
    .port_info 16 /OUTPUT 1 "pass_thru_user_reset"
o0x7fca62fd2018 .functor BUFZ 1, C4<z>; HiZ drive
o0x7fca62fd2528 .functor BUFZ 1, C4<z>; HiZ drive
L_0x19c0b10 .functor OR 1, o0x7fca62fd2018, o0x7fca62fd2528, C4<0>, C4<0>;
L_0x19c0be0 .functor OR 1, v0x19be9f0_0, v0x19bed50_0, C4<0>, C4<0>;
L_0x19c0ce0 .functor OR 1, v0x19bebd0_0, v0x19bee10_0, C4<0>, C4<0>;
v0x1979720_0 .net "CSB", 0 0, o0x7fca62fd2018;  0 drivers
o0x7fca62fd2048 .functor BUFZ 1, C4<z>; HiZ drive
v0x19bdad0_0 .net "SCK", 0 0, o0x7fca62fd2048;  0 drivers
o0x7fca62fd2078 .functor BUFZ 1, C4<z>; HiZ drive
v0x19bdb90_0 .net "SDI", 0 0, o0x7fca62fd2078;  0 drivers
v0x19bdc60_0 .net "SDO", 0 0, L_0x19c0a70;  1 drivers
L_0x7fca62f89018 .functor BUFT 1, C4<001>, C4<0>, C4<0>, C4<0>;
v0x19bdd20_0 .net/2u *"_s2", 2 0, L_0x7fca62f89018;  1 drivers
v0x19bde50_0 .net *"_s4", 0 0, L_0x19c0550;  1 drivers
v0x19bdf10_0 .net *"_s7", 6 0, L_0x19c0670;  1 drivers
v0x19bdff0_0 .net *"_s8", 7 0, L_0x19c0770;  1 drivers
v0x19be0d0_0 .var "addr", 7 0;
v0x19be240_0 .var "count", 2 0;
v0x19be320_0 .net "csb_reset", 0 0, L_0x19c0b10;  1 drivers
v0x19be3e0_0 .var "fixed", 2 0;
o0x7fca62fd2258 .functor BUFZ 8, C4<zzzzzzzz>; HiZ drive
v0x19be4c0_0 .net "idata", 7 0, o0x7fca62fd2258;  0 drivers
v0x19be5a0_0 .var "ldata", 7 0;
v0x19be680_0 .net "oaddr", 7 0, L_0x19c08e0;  1 drivers
v0x19be760_0 .net "odata", 7 0, L_0x19c0400;  1 drivers
v0x19be840_0 .var "pass_thru_mgmt", 0 0;
v0x19be9f0_0 .var "pass_thru_mgmt_delay", 0 0;
v0x19bea90_0 .net "pass_thru_mgmt_reset", 0 0, L_0x19c0be0;  1 drivers
v0x19beb30_0 .var "pass_thru_user", 0 0;
v0x19bebd0_0 .var "pass_thru_user_delay", 0 0;
v0x19bec90_0 .net "pass_thru_user_reset", 0 0, L_0x19c0ce0;  1 drivers
v0x19bed50_0 .var "pre_pass_thru_mgmt", 0 0;
v0x19bee10_0 .var "pre_pass_thru_user", 0 0;
v0x19beed0_0 .var "predata", 6 0;
v0x19befb0_0 .var "rdstb", 0 0;
v0x19bf070_0 .var "readmode", 0 0;
v0x19bf130_0 .net "reset", 0 0, o0x7fca62fd2528;  0 drivers
v0x19bf1f0_0 .var "sdoenb", 0 0;
v0x19bf2b0_0 .var "state", 2 0;
v0x19bf390_0 .var "writemode", 0 0;
v0x19bf450_0 .var "wrstb", 0 0;
E_0x19985b0 .event posedge, v0x19be320_0, v0x19bdad0_0;
E_0x1985c80/0 .event negedge, v0x19bdad0_0;
E_0x1985c80/1 .event posedge, v0x19be320_0;
E_0x1985c80 .event/or E_0x1985c80/0, E_0x1985c80/1;
L_0x19c0400 .concat [ 1 7 0 0], o0x7fca62fd2078, v0x19beed0_0;
L_0x19c0550 .cmp/eq 3, v0x19bf2b0_0, L_0x7fca62f89018;
L_0x19c0670 .part v0x19be0d0_0, 0, 7;
L_0x19c0770 .concat [ 1 7 0 0], o0x7fca62fd2078, L_0x19c0670;
L_0x19c08e0 .functor MUXZ 8, v0x19be0d0_0, L_0x19c0770, L_0x19c0550, C4<>;
L_0x19c0a70 .part v0x19be5a0_0, 7, 1;
S_0x1978d80 .scope module, "pc3b03ed" "pc3b03ed" 3 37;
 .timescale -9 -11;
    .port_info 0 /INOUT 1 "PAD"
    .port_info 1 /INPUT 1 "OEN"
    .port_info 2 /INPUT 1 "RENB"
    .port_info 3 /INPUT 1 "I"
    .port_info 4 /OUTPUT 1 "CIN"
P_0x19826a0 .param/l "i_hl_pad_hl" 0 3 57, +C4<00000000000000000000000000000000>;
P_0x19826e0 .param/l "i_lh_pad_lh" 0 3 57, +C4<00000000000000000000000000000000>;
P_0x1982720 .param/l "oen_hl_pad_zh" 0 3 58, +C4<00000000000000000000000000000000>;
P_0x1982760 .param/l "oen_hl_pad_zl" 0 3 58, +C4<00000000000000000000000000000000>;
P_0x19827a0 .param/l "oen_lh_pad_hz" 0 3 58, +C4<00000000000000000000000000000000>;
P_0x19827e0 .param/l "oen_lh_pad_lz" 0 3 58, +C4<00000000000000000000000000000000>;
P_0x1982820 .param/l "pad_hl_cin_hl" 0 3 57, +C4<00000000000000000000000000000000>;
P_0x1982860 .param/l "pad_lh_cin_lh" 0 3 57, +C4<00000000000000000000000000000000>;
P_0x19828a0 .param/l "renb_hl_pad_zh" 0 3 59, +C4<00000000000000000000000000000000>;
P_0x19828e0 .param/l "renb_hl_pad_zl" 0 3 59, +C4<00000000000000000000000000000000>;
P_0x1982920 .param/l "renb_lh_pad_hz" 0 3 59, +C4<00000000000000000000000000000000>;
P_0x1982960 .param/l "renb_lh_pad_lz" 0 3 59, +C4<00000000000000000000000000000000>;
RS_0x7fca62fd29d8 .resolv tri, L_0x19c0f00, L_0x19c1060;
L_0x19c0de0/d .functor BUF 1, RS_0x7fca62fd29d8, C4<0>, C4<0>, C4<0>;
L_0x19c0de0 .delay 1 (1,1,1) L_0x19c0de0/d;
o0x7fca62fd2a38 .functor BUFZ 1, C4<z>; HiZ drive
o0x7fca62fd2a08 .functor BUFZ 1, C4<z>; HiZ drive
L_0x19c0f00/d .functor BUFIF0 1 [5 5], o0x7fca62fd2a38, o0x7fca62fd2a08, C4<0>, C4<0>;
L_0x19c0f00 .delay 1 (1,1,1) L_0x19c0f00/d;
o0x7fca62fd2978 .functor BUFZ 1, C4<z>; HiZ drive
o0x7fca62fd29a8 .functor BUFZ 1, C4<z>; HiZ drive
L_0x19c1060/d .functor BUFIF0 1, o0x7fca62fd2978, o0x7fca62fd29a8, C4<0>, C4<0>;
L_0x19c1060 .delay 1 (1,1,1) L_0x19c1060/d;
v0x19bf7c0_0 .net "CIN", 0 0, L_0x19c0de0;  1 drivers
v0x19bf860_0 .net "I", 0 0, o0x7fca62fd2978;  0 drivers
v0x19bf900_0 .net "OEN", 0 0, o0x7fca62fd29a8;  0 drivers
v0x19bf9a0_0 .net8 "PAD", 0 0, RS_0x7fca62fd29d8;  2 drivers, strength-aware
v0x19bfa40_0 .net "RENB", 0 0, o0x7fca62fd2a08;  0 drivers
v0x19bfb00_0 .net "down", 0 0, o0x7fca62fd2a38;  0 drivers
S_0x1978aa0 .scope module, "pc3d01" "pc3d01" 4 37;
 .timescale -9 -11;
    .port_info 0 /INPUT 1 "PAD"
    .port_info 1 /OUTPUT 1 "CIN"
P_0x199e150 .param/l "pad_hl_cin_hl" 0 4 48, +C4<00000000000000000000000000000000>;
P_0x199e190 .param/l "pad_lh_cin_lh" 0 4 48, +C4<00000000000000000000000000000000>;
o0x7fca62fd2b88 .functor BUFZ 1, C4<z>; HiZ drive
L_0x19c1210/d .functor BUF 1, o0x7fca62fd2b88, C4<0>, C4<0>, C4<0>;
L_0x19c1210 .delay 1 (1,1,1) L_0x19c1210/d;
v0x19bfc60_0 .net "CIN", 0 0, L_0x19c1210;  1 drivers
v0x19bfd40_0 .net "PAD", 0 0, o0x7fca62fd2b88;  0 drivers
S_0x1976e40 .scope module, "pc3d21" "pc3d21" 5 37;
 .timescale -9 -11;
    .port_info 0 /INPUT 1 "PAD"
    .port_info 1 /OUTPUT 1 "CIN"
P_0x1999ed0 .param/l "pad_hl_cin_hl" 0 5 48, +C4<00000000000000000000000000000000>;
P_0x1999f10 .param/l "pad_lh_cin_lh" 0 5 48, +C4<00000000000000000000000000000000>;
o0x7fca62fd2c48 .functor BUFZ 1, C4<z>; HiZ drive
L_0x19c13c0/d .functor BUF 1, o0x7fca62fd2c48, C4<0>, C4<0>, C4<0>;
L_0x19c13c0 .delay 1 (1,1,1) L_0x19c13c0/d;
v0x19bfe60_0 .net "CIN", 0 0, L_0x19c13c0;  1 drivers
v0x19bff20_0 .net "PAD", 0 0, o0x7fca62fd2c48;  0 drivers
S_0x1997c50 .scope module, "pt3b02" "pt3b02" 6 37;
 .timescale -9 -11;
    .port_info 0 /INOUT 1 "PAD"
    .port_info 1 /INPUT 1 "OEN"
    .port_info 2 /INPUT 1 "I"
    .port_info 3 /OUTPUT 1 "CIN"
P_0x1997dd0 .param/l "i_hl_pad_hl" 0 6 50, +C4<00000000000000000000000000000000>;
P_0x1997e10 .param/l "i_lh_pad_lh" 0 6 50, +C4<00000000000000000000000000000000>;
P_0x1997e50 .param/l "oen_hl_pad_zh" 0 6 51, +C4<00000000000000000000000000000000>;
P_0x1997e90 .param/l "oen_hl_pad_zl" 0 6 51, +C4<00000000000000000000000000000000>;
P_0x1997ed0 .param/l "oen_lh_pad_hz" 0 6 51, +C4<00000000000000000000000000000000>;
P_0x1997f10 .param/l "oen_lh_pad_lz" 0 6 51, +C4<00000000000000000000000000000000>;
P_0x1997f50 .param/l "pad_hl_cin_hl" 0 6 50, +C4<00000000000000000000000000000000>;
P_0x1997f90 .param/l "pad_lh_cin_lh" 0 6 50, +C4<00000000000000000000000000000000>;
L_0x19c1570/d .functor BUF 1, L_0x19c1720, C4<0>, C4<0>, C4<0>;
L_0x19c1570 .delay 1 (1,1,1) L_0x19c1570/d;
o0x7fca62fd2d08 .functor BUFZ 1, C4<z>; HiZ drive
o0x7fca62fd2d38 .functor BUFZ 1, C4<z>; HiZ drive
L_0x19c1720/d .functor BUFIF0 1, o0x7fca62fd2d08, o0x7fca62fd2d38, C4<0>, C4<0>;
L_0x19c1720 .delay 1 (1,1,1) L_0x19c1720/d;
v0x19c0040_0 .net "CIN", 0 0, L_0x19c1570;  1 drivers
v0x19c0100_0 .net "I", 0 0, o0x7fca62fd2d08;  0 drivers
v0x19c01c0_0 .net "OEN", 0 0, o0x7fca62fd2d38;  0 drivers
v0x19c0290_0 .net8 "PAD", 0 0, L_0x19c1720;  1 drivers, strength-aware
    .scope S_0x1978460;
T_0 ;
    %wait E_0x1985c80;
    %load/vec4 v0x19be320_0;
    %cmpi/e 1, 0, 1;
    %jmp/0xz  T_0.0, 4;
    %pushi/vec4 0, 0, 1;
    %assign/vec4 v0x19bf450_0, 0;
    %pushi/vec4 0, 0, 8;
    %assign/vec4 v0x19be5a0_0, 0;
    %pushi/vec4 1, 0, 1;
    %assign/vec4 v0x19bf1f0_0, 0;
    %jmp T_0.1;
T_0.0 ;
    %load/vec4 v0x19bf2b0_0;
    %cmpi/e 2, 0, 3;
    %jmp/0xz  T_0.2, 4;
    %load/vec4 v0x19bf070_0;
    %cmpi/e 1, 0, 1;
    %jmp/0xz  T_0.4, 4;
    %pushi/vec4 0, 0, 1;
    %assign/vec4 v0x19bf1f0_0, 0;
    %load/vec4 v0x19be240_0;
    %cmpi/e 0, 0, 3;
    %jmp/0xz  T_0.6, 4;
    %load/vec4 v0x19be4c0_0;
    %assign/vec4 v0x19be5a0_0, 0;
    %jmp T_0.7;
T_0.6 ;
    %load/vec4 v0x19be5a0_0;
    %parti/s 7, 0, 2;
    %concati/vec4 0, 0, 1;
    %assign/vec4 v0x19be5a0_0, 0;
T_0.7 ;
    %jmp T_0.5;
T_0.4 ;
    %pushi/vec4 1, 0, 1;
    %assign/vec4 v0x19bf1f0_0, 0;
T_0.5 ;
    %load/vec4 v0x19be240_0;
    %cmpi/e 7, 0, 3;
    %jmp/0xz  T_0.8, 4;
    %load/vec4 v0x19bf390_0;
    %cmpi/e 1, 0, 1;
    %jmp/0xz  T_0.10, 4;
    %pushi/vec4 1, 0, 1;
    %assign/vec4 v0x19bf450_0, 0;
T_0.10 ;
    %jmp T_0.9;
T_0.8 ;
    %pushi/vec4 0, 0, 1;
    %assign/vec4 v0x19bf450_0, 0;
T_0.9 ;
    %jmp T_0.3;
T_0.2 ;
    %load/vec4 v0x19bf2b0_0;
    %cmpi/e 5, 0, 3;
    %flag_mov 8, 4;
    %load/vec4 v0x19bf2b0_0;
    %cmpi/e 4, 0, 3;
    %flag_or 4, 8;
    %jmp/0xz  T_0.12, 4;
    %pushi/vec4 0, 0, 1;
    %assign/vec4 v0x19bf450_0, 0;
    %pushi/vec4 0, 0, 1;
    %assign/vec4 v0x19bf1f0_0, 0;
    %jmp T_0.13;
T_0.12 ;
    %pushi/vec4 0, 0, 1;
    %assign/vec4 v0x19bf450_0, 0;
    %pushi/vec4 1, 0, 1;
    %assign/vec4 v0x19bf1f0_0, 0;
T_0.13 ;
T_0.3 ;
T_0.1 ;
    %jmp T_0;
    .thread T_0;
    .scope S_0x1978460;
T_1 ;
    %wait E_0x19985b0;
    %load/vec4 v0x19be320_0;
    %cmpi/e 1, 0, 1;
    %jmp/0xz  T_1.0, 4;
    %pushi/vec4 0, 0, 8;
    %assign/vec4 v0x19be0d0_0, 0;
    %pushi/vec4 0, 0, 1;
    %assign/vec4 v0x19befb0_0, 0;
    %pushi/vec4 0, 0, 7;
    %assign/vec4 v0x19beed0_0, 0;
    %pushi/vec4 0, 0, 3;
    %assign/vec4 v0x19bf2b0_0, 0;
    %pushi/vec4 0, 0, 3;
    %assign/vec4 v0x19be240_0, 0;
    %pushi/vec4 0, 0, 1;
    %assign/vec4 v0x19bf070_0, 0;
    %pushi/vec4 0, 0, 1;
    %assign/vec4 v0x19bf390_0, 0;
    %pushi/vec4 0, 0, 3;
    %assign/vec4 v0x19be3e0_0, 0;
    %pushi/vec4 0, 0, 1;
    %assign/vec4 v0x19be840_0, 0;
    %pushi/vec4 0, 0, 1;
    %assign/vec4 v0x19be9f0_0, 0;
    %pushi/vec4 0, 0, 1;
    %assign/vec4 v0x19bed50_0, 0;
    %pushi/vec4 0, 0, 1;
    %assign/vec4 v0x19beb30_0, 0;
    %pushi/vec4 0, 0, 1;
    %assign/vec4 v0x19bebd0_0, 0;
    %pushi/vec4 0, 0, 1;
    %assign/vec4 v0x19bee10_0, 0;
    %jmp T_1.1;
T_1.0 ;
    %load/vec4 v0x19bf2b0_0;
    %cmpi/e 0, 0, 3;
    %jmp/0xz  T_1.2, 4;
    %pushi/vec4 0, 0, 1;
    %assign/vec4 v0x19befb0_0, 0;
    %load/vec4 v0x19be240_0;
    %addi 1, 0, 3;
    %assign/vec4 v0x19be240_0, 0;
    %load/vec4 v0x19be240_0;
    %cmpi/e 0, 0, 3;
    %jmp/0xz  T_1.4, 4;
    %load/vec4 v0x19bdb90_0;
    %assign/vec4 v0x19bf390_0, 0;
    %jmp T_1.5;
T_1.4 ;
    %load/vec4 v0x19be240_0;
    %cmpi/e 1, 0, 3;
    %jmp/0xz  T_1.6, 4;
    %load/vec4 v0x19bdb90_0;
    %assign/vec4 v0x19bf070_0, 0;
    %jmp T_1.7;
T_1.6 ;
    %load/vec4 v0x19be240_0;
    %cmpi/u 5, 0, 3;
    %jmp/0xz  T_1.8, 5;
    %load/vec4 v0x19be3e0_0;
    %parti/s 2, 0, 2;
    %load/vec4 v0x19bdb90_0;
    %concat/vec4; draw_concat_vec4
    %assign/vec4 v0x19be3e0_0, 0;
    %jmp T_1.9;
T_1.8 ;
    %load/vec4 v0x19be240_0;
    %cmpi/e 5, 0, 3;
    %jmp/0xz  T_1.10, 4;
    %load/vec4 v0x19bdb90_0;
    %assign/vec4 v0x19bed50_0, 0;
    %jmp T_1.11;
T_1.10 ;
    %load/vec4 v0x19be240_0;
    %cmpi/e 6, 0, 3;
    %jmp/0xz  T_1.12, 4;
    %load/vec4 v0x19bdb90_0;
    %assign/vec4 v0x19bee10_0, 0;
    %load/vec4 v0x19bed50_0;
    %assign/vec4 v0x19be9f0_0, 0;
    %jmp T_1.13;
T_1.12 ;
    %load/vec4 v0x19be240_0;
    %cmpi/e 7, 0, 3;
    %jmp/0xz  T_1.14, 4;
    %load/vec4 v0x19bee10_0;
    %assign/vec4 v0x19bebd0_0, 0;
    %load/vec4 v0x19bed50_0;
    %cmpi/e 1, 0, 1;
    %jmp/0xz  T_1.16, 4;
    %pushi/vec4 5, 0, 3;
    %assign/vec4 v0x19bf2b0_0, 0;
    %pushi/vec4 0, 0, 1;
    %assign/vec4 v0x19bed50_0, 0;
    %jmp T_1.17;
T_1.16 ;
    %load/vec4 v0x19bee10_0;
    %cmpi/e 1, 0, 1;
    %jmp/0xz  T_1.18, 4;
    %pushi/vec4 4, 0, 3;
    %assign/vec4 v0x19bf2b0_0, 0;
    %pushi/vec4 0, 0, 1;
    %assign/vec4 v0x19bee10_0, 0;
    %jmp T_1.19;
T_1.18 ;
    %pushi/vec4 1, 0, 3;
    %assign/vec4 v0x19bf2b0_0, 0;
T_1.19 ;
T_1.17 ;
T_1.14 ;
T_1.13 ;
T_1.11 ;
T_1.9 ;
T_1.7 ;
T_1.5 ;
    %jmp T_1.3;
T_1.2 ;
    %load/vec4 v0x19bf2b0_0;
    %cmpi/e 1, 0, 3;
    %jmp/0xz  T_1.20, 4;
    %load/vec4 v0x19be240_0;
    %addi 1, 0, 3;
    %assign/vec4 v0x19be240_0, 0;
    %load/vec4 v0x19be0d0_0;
    %parti/s 7, 0, 2;
    %load/vec4 v0x19bdb90_0;
    %concat/vec4; draw_concat_vec4
    %assign/vec4 v0x19be0d0_0, 0;
    %load/vec4 v0x19be240_0;
    %cmpi/e 7, 0, 3;
    %jmp/0xz  T_1.22, 4;
    %pushi/vec4 2, 0, 3;
    %assign/vec4 v0x19bf2b0_0, 0;
    %load/vec4 v0x19bf070_0;
    %cmpi/e 1, 0, 1;
    %jmp/0xz  T_1.24, 4;
    %pushi/vec4 1, 0, 1;
    %assign/vec4 v0x19befb0_0, 0;
T_1.24 ;
    %jmp T_1.23;
T_1.22 ;
    %pushi/vec4 0, 0, 1;
    %assign/vec4 v0x19befb0_0, 0;
T_1.23 ;
    %jmp T_1.21;
T_1.20 ;
    %load/vec4 v0x19bf2b0_0;
    %cmpi/e 2, 0, 3;
    %jmp/0xz  T_1.26, 4;
    %load/vec4 v0x19beed0_0;
    %load/vec4 v0x19bdb90_0;
    %concat/vec4; draw_concat_vec4
    %pad/u 7;
    %assign/vec4 v0x19beed0_0, 0;
    %load/vec4 v0x19be240_0;
    %addi 1, 0, 3;
    %assign/vec4 v0x19be240_0, 0;
    %load/vec4 v0x19be240_0;
    %cmpi/e 7, 0, 3;
    %jmp/0xz  T_1.28, 4;
    %load/vec4 v0x19be3e0_0;
    %cmpi/e 1, 0, 3;
    %jmp/0xz  T_1.30, 4;
    %pushi/vec4 0, 0, 3;
    %assign/vec4 v0x19bf2b0_0, 0;
    %jmp T_1.31;
T_1.30 ;
    %load/vec4 v0x19be3e0_0;
    %cmpi/ne 0, 0, 3;
    %jmp/0xz  T_1.32, 4;
    %load/vec4 v0x19be3e0_0;
    %subi 1, 0, 3;
    %assign/vec4 v0x19be3e0_0, 0;
    %load/vec4 v0x19be0d0_0;
    %addi 1, 0, 8;
    %assign/vec4 v0x19be0d0_0, 0;
    %jmp T_1.33;
T_1.32 ;
    %load/vec4 v0x19be0d0_0;
    %addi 1, 0, 8;
    %assign/vec4 v0x19be0d0_0, 0;
T_1.33 ;
T_1.31 ;
    %load/vec4 v0x19bf070_0;
    %cmpi/e 1, 0, 1;
    %jmp/0xz  T_1.34, 4;
    %pushi/vec4 1, 0, 1;
    %assign/vec4 v0x19befb0_0, 0;
T_1.34 ;
    %jmp T_1.29;
T_1.28 ;
    %pushi/vec4 0, 0, 1;
    %assign/vec4 v0x19befb0_0, 0;
T_1.29 ;
    %jmp T_1.27;
T_1.26 ;
    %load/vec4 v0x19bf2b0_0;
    %cmpi/e 5, 0, 3;
    %jmp/0xz  T_1.36, 4;
    %pushi/vec4 1, 0, 1;
    %assign/vec4 v0x19be840_0, 0;
    %jmp T_1.37;
T_1.36 ;
    %load/vec4 v0x19bf2b0_0;
    %cmpi/e 4, 0, 3;
    %jmp/0xz  T_1.38, 4;
    %pushi/vec4 1, 0, 1;
    %assign/vec4 v0x19beb30_0, 0;
T_1.38 ;
T_1.37 ;
T_1.27 ;
T_1.21 ;
T_1.3 ;
T_1.1 ;
    %jmp T_1;
    .thread T_1;
# The file index is used to find the file name in the following table.
:file_names 7;
    "N/A";
    "<interactive>";
    "../synthesis/rtl/housekeeping_spi.v";
    "/home/dhanvanti/vsd_sfal/SFAL_SOCDESIGN/caraval_scl/caravel_scl180/synthesis/rtl/pc3b03ed.v";
    "/home/dhanvanti/vsd_sfal/SFAL_SOCDESIGN/caraval_scl/caravel_scl180/synthesis/rtl/pc3d01.v";
    "/home/dhanvanti/vsd_sfal/SFAL_SOCDESIGN/caraval_scl/caravel_scl180/synthesis/rtl/pc3d21.v";
    "/home/dhanvanti/vsd_sfal/SFAL_SOCDESIGN/caraval_scl/caravel_scl180/synthesis/rtl/pt3b02.v";
