#! /usr/bin/vvp
:ivl_version "10.2 (stable)";
:ivl_delay_selection "TYPICAL";
:vpi_time_precision + 0;
:vpi_module "system";
:vpi_module "vhdl_sys";
:vpi_module "v2005_math";
:vpi_module "va_math";
S_0xb05880 .scope module, "housekeeping_spi" "housekeeping_spi" 2 75;
 .timescale 0 0;
    .port_info 0 /INPUT 1 "reset"
    .port_info 1 /INPUT 1 "SCK"
    .port_info 2 /INPUT 1 "SDI"
    .port_info 3 /INPUT 1 "CSB"
    .port_info 4 /OUTPUT 1 "SDO"
    .port_info 5 /OUTPUT 1 "sdoenb"
    .port_info 6 /INPUT 8 "idata"
    .port_info 7 /OUTPUT 8 "odata"
    .port_info 8 /OUTPUT 8 "oaddr"
    .port_info 9 /OUTPUT 1 "rdstb"
    .port_info 10 /OUTPUT 1 "wrstb"
    .port_info 11 /OUTPUT 1 "pass_thru_mgmt"
    .port_info 12 /OUTPUT 1 "pass_thru_mgmt_delay"
    .port_info 13 /OUTPUT 1 "pass_thru_user"
    .port_info 14 /OUTPUT 1 "pass_thru_user_delay"
    .port_info 15 /OUTPUT 1 "pass_thru_mgmt_reset"
    .port_info 16 /OUTPUT 1 "pass_thru_user_reset"
o0x7f05293e0018 .functor BUFZ 1, C4<z>; HiZ drive
o0x7f05293e0528 .functor BUFZ 1, C4<z>; HiZ drive
L_0xb456c0 .functor OR 1, o0x7f05293e0018, o0x7f05293e0528, C4<0>, C4<0>;
L_0xb45760 .functor OR 1, v0xb44260_0, v0xb445c0_0, C4<0>, C4<0>;
L_0xb45860 .functor OR 1, v0xb44440_0, v0xb44680_0, C4<0>, C4<0>;
v0xaf4250_0 .net "CSB", 0 0, o0x7f05293e0018;  0 drivers
o0x7f05293e0048 .functor BUFZ 1, C4<z>; HiZ drive
v0xb43340_0 .net "SCK", 0 0, o0x7f05293e0048;  0 drivers
o0x7f05293e0078 .functor BUFZ 1, C4<z>; HiZ drive
v0xb43400_0 .net "SDI", 0 0, o0x7f05293e0078;  0 drivers
v0xb434d0_0 .net "SDO", 0 0, L_0xb455e0;  1 drivers
L_0x7f0529397018 .functor BUFT 1, C4<001>, C4<0>, C4<0>, C4<0>;
v0xb43590_0 .net/2u *"_s2", 2 0, L_0x7f0529397018;  1 drivers
v0xb436c0_0 .net *"_s4", 0 0, L_0xb450c0;  1 drivers
v0xb43780_0 .net *"_s7", 6 0, L_0xb45210;  1 drivers
v0xb43860_0 .net *"_s8", 7 0, L_0xb452e0;  1 drivers
v0xb43940_0 .var "addr", 7 0;
v0xb43ab0_0 .var "count", 2 0;
v0xb43b90_0 .net "csb_reset", 0 0, L_0xb456c0;  1 drivers
v0xb43c50_0 .var "fixed", 2 0;
o0x7f05293e0258 .functor BUFZ 8, C4<zzzzzzzz>; HiZ drive
v0xb43d30_0 .net "idata", 7 0, o0x7f05293e0258;  0 drivers
v0xb43e10_0 .var "ldata", 7 0;
v0xb43ef0_0 .net "oaddr", 7 0, L_0xb45450;  1 drivers
v0xb43fd0_0 .net "odata", 7 0, L_0xb44ff0;  1 drivers
v0xb440b0_0 .var "pass_thru_mgmt", 0 0;
v0xb44260_0 .var "pass_thru_mgmt_delay", 0 0;
v0xb44300_0 .net "pass_thru_mgmt_reset", 0 0, L_0xb45760;  1 drivers
v0xb443a0_0 .var "pass_thru_user", 0 0;
v0xb44440_0 .var "pass_thru_user_delay", 0 0;
v0xb44500_0 .net "pass_thru_user_reset", 0 0, L_0xb45860;  1 drivers
v0xb445c0_0 .var "pre_pass_thru_mgmt", 0 0;
v0xb44680_0 .var "pre_pass_thru_user", 0 0;
v0xb44740_0 .var "predata", 6 0;
v0xb44820_0 .var "rdstb", 0 0;
v0xb448e0_0 .var "readmode", 0 0;
v0xb449a0_0 .net "reset", 0 0, o0x7f05293e0528;  0 drivers
v0xb44a60_0 .var "sdoenb", 0 0;
v0xb44b20_0 .var "state", 2 0;
v0xb44c00_0 .var "writemode", 0 0;
v0xb44cc0_0 .var "wrstb", 0 0;
E_0xb06ca0 .event posedge, v0xb43b90_0, v0xb43340_0;
E_0xaf40b0/0 .event negedge, v0xb43340_0;
E_0xaf40b0/1 .event posedge, v0xb43b90_0;
E_0xaf40b0 .event/or E_0xaf40b0/0, E_0xaf40b0/1;
L_0xb44ff0 .concat [ 1 7 0 0], o0x7f05293e0078, v0xb44740_0;
L_0xb450c0 .cmp/eq 3, v0xb44b20_0, L_0x7f0529397018;
L_0xb45210 .part v0xb43940_0, 0, 7;
L_0xb452e0 .concat [ 1 7 0 0], o0x7f05293e0078, L_0xb45210;
L_0xb45450 .functor MUXZ 8, v0xb43940_0, L_0xb452e0, L_0xb450c0, C4<>;
L_0xb455e0 .part v0xb43e10_0, 7, 1;
    .scope S_0xb05880;
T_0 ;
    %wait E_0xaf40b0;
    %load/vec4 v0xb43b90_0;
    %cmpi/e 1, 0, 1;
    %jmp/0xz  T_0.0, 4;
    %pushi/vec4 0, 0, 1;
    %assign/vec4 v0xb44cc0_0, 0;
    %pushi/vec4 0, 0, 8;
    %assign/vec4 v0xb43e10_0, 0;
    %pushi/vec4 1, 0, 1;
    %assign/vec4 v0xb44a60_0, 0;
    %jmp T_0.1;
T_0.0 ;
    %load/vec4 v0xb44b20_0;
    %cmpi/e 2, 0, 3;
    %jmp/0xz  T_0.2, 4;
    %load/vec4 v0xb448e0_0;
    %cmpi/e 1, 0, 1;
    %jmp/0xz  T_0.4, 4;
    %pushi/vec4 0, 0, 1;
    %assign/vec4 v0xb44a60_0, 0;
    %load/vec4 v0xb43ab0_0;
    %cmpi/e 0, 0, 3;
    %jmp/0xz  T_0.6, 4;
    %load/vec4 v0xb43d30_0;
    %assign/vec4 v0xb43e10_0, 0;
    %jmp T_0.7;
T_0.6 ;
    %load/vec4 v0xb43e10_0;
    %parti/s 7, 0, 2;
    %concati/vec4 0, 0, 1;
    %assign/vec4 v0xb43e10_0, 0;
T_0.7 ;
    %jmp T_0.5;
T_0.4 ;
    %pushi/vec4 1, 0, 1;
    %assign/vec4 v0xb44a60_0, 0;
T_0.5 ;
    %load/vec4 v0xb43ab0_0;
    %cmpi/e 7, 0, 3;
    %jmp/0xz  T_0.8, 4;
    %load/vec4 v0xb44c00_0;
    %cmpi/e 1, 0, 1;
    %jmp/0xz  T_0.10, 4;
    %pushi/vec4 1, 0, 1;
    %assign/vec4 v0xb44cc0_0, 0;
T_0.10 ;
    %jmp T_0.9;
T_0.8 ;
    %pushi/vec4 0, 0, 1;
    %assign/vec4 v0xb44cc0_0, 0;
T_0.9 ;
    %jmp T_0.3;
T_0.2 ;
    %load/vec4 v0xb44b20_0;
    %cmpi/e 5, 0, 3;
    %flag_mov 8, 4;
    %load/vec4 v0xb44b20_0;
    %cmpi/e 4, 0, 3;
    %flag_or 4, 8;
    %jmp/0xz  T_0.12, 4;
    %pushi/vec4 0, 0, 1;
    %assign/vec4 v0xb44cc0_0, 0;
    %pushi/vec4 0, 0, 1;
    %assign/vec4 v0xb44a60_0, 0;
    %jmp T_0.13;
T_0.12 ;
    %pushi/vec4 0, 0, 1;
    %assign/vec4 v0xb44cc0_0, 0;
    %pushi/vec4 1, 0, 1;
    %assign/vec4 v0xb44a60_0, 0;
T_0.13 ;
T_0.3 ;
T_0.1 ;
    %jmp T_0;
    .thread T_0;
    .scope S_0xb05880;
T_1 ;
    %wait E_0xb06ca0;
    %load/vec4 v0xb43b90_0;
    %cmpi/e 1, 0, 1;
    %jmp/0xz  T_1.0, 4;
    %pushi/vec4 0, 0, 8;
    %assign/vec4 v0xb43940_0, 0;
    %pushi/vec4 0, 0, 1;
    %assign/vec4 v0xb44820_0, 0;
    %pushi/vec4 0, 0, 7;
    %assign/vec4 v0xb44740_0, 0;
    %pushi/vec4 0, 0, 3;
    %assign/vec4 v0xb44b20_0, 0;
    %pushi/vec4 0, 0, 3;
    %assign/vec4 v0xb43ab0_0, 0;
    %pushi/vec4 0, 0, 1;
    %assign/vec4 v0xb448e0_0, 0;
    %pushi/vec4 0, 0, 1;
    %assign/vec4 v0xb44c00_0, 0;
    %pushi/vec4 0, 0, 3;
    %assign/vec4 v0xb43c50_0, 0;
    %pushi/vec4 0, 0, 1;
    %assign/vec4 v0xb440b0_0, 0;
    %pushi/vec4 0, 0, 1;
    %assign/vec4 v0xb44260_0, 0;
    %pushi/vec4 0, 0, 1;
    %assign/vec4 v0xb445c0_0, 0;
    %pushi/vec4 0, 0, 1;
    %assign/vec4 v0xb443a0_0, 0;
    %pushi/vec4 0, 0, 1;
    %assign/vec4 v0xb44440_0, 0;
    %pushi/vec4 0, 0, 1;
    %assign/vec4 v0xb44680_0, 0;
    %jmp T_1.1;
T_1.0 ;
    %load/vec4 v0xb44b20_0;
    %cmpi/e 0, 0, 3;
    %jmp/0xz  T_1.2, 4;
    %pushi/vec4 0, 0, 1;
    %assign/vec4 v0xb44820_0, 0;
    %load/vec4 v0xb43ab0_0;
    %addi 1, 0, 3;
    %assign/vec4 v0xb43ab0_0, 0;
    %load/vec4 v0xb43ab0_0;
    %cmpi/e 0, 0, 3;
    %jmp/0xz  T_1.4, 4;
    %load/vec4 v0xb43400_0;
    %assign/vec4 v0xb44c00_0, 0;
    %jmp T_1.5;
T_1.4 ;
    %load/vec4 v0xb43ab0_0;
    %cmpi/e 1, 0, 3;
    %jmp/0xz  T_1.6, 4;
    %load/vec4 v0xb43400_0;
    %assign/vec4 v0xb448e0_0, 0;
    %jmp T_1.7;
T_1.6 ;
    %load/vec4 v0xb43ab0_0;
    %cmpi/u 5, 0, 3;
    %jmp/0xz  T_1.8, 5;
    %load/vec4 v0xb43c50_0;
    %parti/s 2, 0, 2;
    %load/vec4 v0xb43400_0;
    %concat/vec4; draw_concat_vec4
    %assign/vec4 v0xb43c50_0, 0;
    %jmp T_1.9;
T_1.8 ;
    %load/vec4 v0xb43ab0_0;
    %cmpi/e 5, 0, 3;
    %jmp/0xz  T_1.10, 4;
    %load/vec4 v0xb43400_0;
    %assign/vec4 v0xb445c0_0, 0;
    %jmp T_1.11;
T_1.10 ;
    %load/vec4 v0xb43ab0_0;
    %cmpi/e 6, 0, 3;
    %jmp/0xz  T_1.12, 4;
    %load/vec4 v0xb43400_0;
    %assign/vec4 v0xb44680_0, 0;
    %load/vec4 v0xb445c0_0;
    %assign/vec4 v0xb44260_0, 0;
    %jmp T_1.13;
T_1.12 ;
    %load/vec4 v0xb43ab0_0;
    %cmpi/e 7, 0, 3;
    %jmp/0xz  T_1.14, 4;
    %load/vec4 v0xb44680_0;
    %assign/vec4 v0xb44440_0, 0;
    %load/vec4 v0xb445c0_0;
    %cmpi/e 1, 0, 1;
    %jmp/0xz  T_1.16, 4;
    %pushi/vec4 5, 0, 3;
    %assign/vec4 v0xb44b20_0, 0;
    %pushi/vec4 0, 0, 1;
    %assign/vec4 v0xb445c0_0, 0;
    %jmp T_1.17;
T_1.16 ;
    %load/vec4 v0xb44680_0;
    %cmpi/e 1, 0, 1;
    %jmp/0xz  T_1.18, 4;
    %pushi/vec4 4, 0, 3;
    %assign/vec4 v0xb44b20_0, 0;
    %pushi/vec4 0, 0, 1;
    %assign/vec4 v0xb44680_0, 0;
    %jmp T_1.19;
T_1.18 ;
    %pushi/vec4 1, 0, 3;
    %assign/vec4 v0xb44b20_0, 0;
T_1.19 ;
T_1.17 ;
T_1.14 ;
T_1.13 ;
T_1.11 ;
T_1.9 ;
T_1.7 ;
T_1.5 ;
    %jmp T_1.3;
T_1.2 ;
    %load/vec4 v0xb44b20_0;
    %cmpi/e 1, 0, 3;
    %jmp/0xz  T_1.20, 4;
    %load/vec4 v0xb43ab0_0;
    %addi 1, 0, 3;
    %assign/vec4 v0xb43ab0_0, 0;
    %load/vec4 v0xb43940_0;
    %parti/s 7, 0, 2;
    %load/vec4 v0xb43400_0;
    %concat/vec4; draw_concat_vec4
    %assign/vec4 v0xb43940_0, 0;
    %load/vec4 v0xb43ab0_0;
    %cmpi/e 7, 0, 3;
    %jmp/0xz  T_1.22, 4;
    %pushi/vec4 2, 0, 3;
    %assign/vec4 v0xb44b20_0, 0;
    %load/vec4 v0xb448e0_0;
    %cmpi/e 1, 0, 1;
    %jmp/0xz  T_1.24, 4;
    %pushi/vec4 1, 0, 1;
    %assign/vec4 v0xb44820_0, 0;
T_1.24 ;
    %jmp T_1.23;
T_1.22 ;
    %pushi/vec4 0, 0, 1;
    %assign/vec4 v0xb44820_0, 0;
T_1.23 ;
    %jmp T_1.21;
T_1.20 ;
    %load/vec4 v0xb44b20_0;
    %cmpi/e 2, 0, 3;
    %jmp/0xz  T_1.26, 4;
    %load/vec4 v0xb44740_0;
    %load/vec4 v0xb43400_0;
    %concat/vec4; draw_concat_vec4
    %pad/u 7;
    %assign/vec4 v0xb44740_0, 0;
    %load/vec4 v0xb43ab0_0;
    %addi 1, 0, 3;
    %assign/vec4 v0xb43ab0_0, 0;
    %load/vec4 v0xb43ab0_0;
    %cmpi/e 7, 0, 3;
    %jmp/0xz  T_1.28, 4;
    %load/vec4 v0xb43c50_0;
    %cmpi/e 1, 0, 3;
    %jmp/0xz  T_1.30, 4;
    %pushi/vec4 0, 0, 3;
    %assign/vec4 v0xb44b20_0, 0;
    %jmp T_1.31;
T_1.30 ;
    %load/vec4 v0xb43c50_0;
    %cmpi/ne 0, 0, 3;
    %jmp/0xz  T_1.32, 4;
    %load/vec4 v0xb43c50_0;
    %subi 1, 0, 3;
    %assign/vec4 v0xb43c50_0, 0;
    %load/vec4 v0xb43940_0;
    %addi 1, 0, 8;
    %assign/vec4 v0xb43940_0, 0;
    %jmp T_1.33;
T_1.32 ;
    %load/vec4 v0xb43940_0;
    %addi 1, 0, 8;
    %assign/vec4 v0xb43940_0, 0;
T_1.33 ;
T_1.31 ;
    %load/vec4 v0xb448e0_0;
    %cmpi/e 1, 0, 1;
    %jmp/0xz  T_1.34, 4;
    %pushi/vec4 1, 0, 1;
    %assign/vec4 v0xb44820_0, 0;
T_1.34 ;
    %jmp T_1.29;
T_1.28 ;
    %pushi/vec4 0, 0, 1;
    %assign/vec4 v0xb44820_0, 0;
T_1.29 ;
    %jmp T_1.27;
T_1.26 ;
    %load/vec4 v0xb44b20_0;
    %cmpi/e 5, 0, 3;
    %jmp/0xz  T_1.36, 4;
    %pushi/vec4 1, 0, 1;
    %assign/vec4 v0xb440b0_0, 0;
    %jmp T_1.37;
T_1.36 ;
    %load/vec4 v0xb44b20_0;
    %cmpi/e 4, 0, 3;
    %jmp/0xz  T_1.38, 4;
    %pushi/vec4 1, 0, 1;
    %assign/vec4 v0xb443a0_0, 0;
T_1.38 ;
T_1.37 ;
T_1.27 ;
T_1.21 ;
T_1.3 ;
T_1.1 ;
    %jmp T_1;
    .thread T_1;
# The file index is used to find the file name in the following table.
:file_names 3;
    "N/A";
    "<interactive>";
    "../synthesis/rtl/housekeeping_spi.v";
